{"D:\\NamasteReact\\namaste-react\\src\\components\\Body.js": {"path":"D:\\NamasteReact\\namaste-react\\src\\components\\Body.js","statementMap":{"0":{"start":{"line":9,"column":13},"end":{"line":83,"column":1}},"1":{"start":{"line":10,"column":52},"end":{"line":10,"column":64}},"2":{"start":{"line":11,"column":52},"end":{"line":11,"column":64}},"3":{"start":{"line":12,"column":37},"end":{"line":12,"column":49}},"4":{"start":{"line":13,"column":26},"end":{"line":13,"column":54}},"5":{"start":{"line":14,"column":2},"end":{"line":16,"column":9}},"6":{"start":{"line":15,"column":4},"end":{"line":15,"column":16}},"7":{"start":{"line":18,"column":20},"end":{"line":26,"column":3}},"8":{"start":{"line":19,"column":17},"end":{"line":19,"column":167}},"9":{"start":{"line":21,"column":17},"end":{"line":21,"column":34}},"10":{"start":{"line":23,"column":22},"end":{"line":23,"column":96}},"11":{"start":{"line":24,"column":4},"end":{"line":24,"column":38}},"12":{"start":{"line":25,"column":4},"end":{"line":25,"column":39}},"13":{"start":{"line":28,"column":21},"end":{"line":28,"column":38}},"14":{"start":{"line":30,"column":0},"end":{"line":32,"column":1}},"15":{"start":{"line":31,"column":2},"end":{"line":31,"column":83}},"16":{"start":{"line":37,"column":37},"end":{"line":37,"column":60}},"17":{"start":{"line":38,"column":2},"end":{"line":82,"column":3}},"18":{"start":{"line":44,"column":12},"end":{"line":44,"column":42}},"19":{"start":{"line":47,"column":39},"end":{"line":47,"column":136}},"20":{"start":{"line":47,"column":71},"end":{"line":47,"column":135}},"21":{"start":{"line":48,"column":11},"end":{"line":48,"column":53}},"22":{"start":{"line":53,"column":31},"end":{"line":55,"column":11}},"23":{"start":{"line":54,"column":21},"end":{"line":54,"column":43}},"24":{"start":{"line":56,"column":10},"end":{"line":56,"column":45}},"25":{"start":{"line":61,"column":87},"end":{"line":61,"column":114}},"26":{"start":{"line":68,"column":10},"end":{"line":72,"column":19}}},"fnMap":{"0":{"name":"(anonymous_0)","decl":{"start":{"line":9,"column":13},"end":{"line":9,"column":14}},"loc":{"start":{"line":9,"column":19},"end":{"line":83,"column":1}},"line":9},"1":{"name":"(anonymous_1)","decl":{"start":{"line":14,"column":12},"end":{"line":14,"column":13}},"loc":{"start":{"line":14,"column":18},"end":{"line":16,"column":3}},"line":14},"2":{"name":"(anonymous_2)","decl":{"start":{"line":18,"column":20},"end":{"line":18,"column":21}},"loc":{"start":{"line":18,"column":32},"end":{"line":26,"column":3}},"line":18},"3":{"name":"(anonymous_3)","decl":{"start":{"line":43,"column":129},"end":{"line":43,"column":130}},"loc":{"start":{"line":43,"column":134},"end":{"line":45,"column":11}},"line":43},"4":{"name":"(anonymous_4)","decl":{"start":{"line":46,"column":77},"end":{"line":46,"column":78}},"loc":{"start":{"line":46,"column":81},"end":{"line":49,"column":11}},"line":46},"5":{"name":"(anonymous_5)","decl":{"start":{"line":47,"column":64},"end":{"line":47,"column":65}},"loc":{"start":{"line":47,"column":71},"end":{"line":47,"column":135}},"line":47},"6":{"name":"(anonymous_6)","decl":{"start":{"line":52,"column":59},"end":{"line":52,"column":60}},"loc":{"start":{"line":52,"column":65},"end":{"line":57,"column":9}},"line":52},"7":{"name":"(anonymous_7)","decl":{"start":{"line":54,"column":12},"end":{"line":54,"column":13}},"loc":{"start":{"line":54,"column":21},"end":{"line":54,"column":43}},"line":54},"8":{"name":"(anonymous_8)","decl":{"start":{"line":61,"column":82},"end":{"line":61,"column":83}},"loc":{"start":{"line":61,"column":87},"end":{"line":61,"column":114}},"line":61},"9":{"name":"(anonymous_9)","decl":{"start":{"line":66,"column":34},"end":{"line":66,"column":35}},"loc":{"start":{"line":68,"column":10},"end":{"line":72,"column":19}},"line":68}},"branchMap":{"0":{"loc":{"start":{"line":30,"column":0},"end":{"line":32,"column":1}},"type":"if","locations":[{"start":{"line":30,"column":0},"end":{"line":32,"column":1}},{"start":{},"end":{}}],"line":30},"1":{"loc":{"start":{"line":38,"column":9},"end":{"line":82,"column":3}},"type":"cond-expr","locations":[{"start":{"line":38,"column":33},"end":{"line":38,"column":43}},{"start":{"line":40,"column":4},"end":{"line":81,"column":10}}],"line":38},"2":{"loc":{"start":{"line":65,"column":9},"end":{"line":74,"column":9}},"type":"binary-expr","locations":[{"start":{"line":65,"column":9},"end":{"line":65,"column":39}},{"start":{"line":66,"column":10},"end":{"line":74,"column":9}}],"line":65},"3":{"loc":{"start":{"line":70,"column":14},"end":{"line":70,"column":128}},"type":"cond-expr","locations":[{"start":{"line":70,"column":40},"end":{"line":70,"column":82}},{"start":{"line":70,"column":87},"end":{"line":70,"column":127}}],"line":70}},"s":{"0":1,"1":4,"2":4,"3":4,"4":4,"5":4,"6":1,"7":4,"8":1,"9":1,"10":1,"11":1,"12":1,"13":4,"14":4,"15":0,"16":4,"17":4,"18":1,"19":1,"20":8,"21":1,"22":0,"23":0,"24":0,"25":0,"26":17},"f":{"0":4,"1":1,"2":1,"3":1,"4":1,"5":8,"6":0,"7":0,"8":0,"9":17},"b":{"0":[0,4],"1":[1,3],"2":[3,3],"3":[10,7]},"_coverageSchema":"1a1c01bbd47fc00a2c39e90264f33305004495a9","hash":"195366312b3b2a892b8d99b2e416882d860168ac"}
,"D:\\NamasteReact\\namaste-react\\src\\components\\Cart.js": {"path":"D:\\NamasteReact\\namaste-react\\src\\components\\Cart.js","statementMap":{"0":{"start":{"line":5,"column":13},"end":{"line":23,"column":1}},"1":{"start":{"line":7,"column":22},"end":{"line":7,"column":62}},"2":{"start":{"line":7,"column":45},"end":{"line":7,"column":61}},"3":{"start":{"line":8,"column":21},"end":{"line":8,"column":34}},"4":{"start":{"line":9,"column":28},"end":{"line":11,"column":5}},"5":{"start":{"line":10,"column":8},"end":{"line":10,"column":29}},"6":{"start":{"line":13,"column":4},"end":{"line":22,"column":10}}},"fnMap":{"0":{"name":"(anonymous_0)","decl":{"start":{"line":5,"column":13},"end":{"line":5,"column":14}},"loc":{"start":{"line":5,"column":19},"end":{"line":23,"column":1}},"line":5},"1":{"name":"(anonymous_1)","decl":{"start":{"line":7,"column":34},"end":{"line":7,"column":35}},"loc":{"start":{"line":7,"column":45},"end":{"line":7,"column":61}},"line":7},"2":{"name":"(anonymous_2)","decl":{"start":{"line":9,"column":28},"end":{"line":9,"column":29}},"loc":{"start":{"line":9,"column":34},"end":{"line":11,"column":5}},"line":9}},"branchMap":{"0":{"loc":{"start":{"line":16,"column":13},"end":{"line":19,"column":37}},"type":"cond-expr","locations":[{"start":{"line":16,"column":37},"end":{"line":16,"column":87}},{"start":{"line":17,"column":16},"end":{"line":19,"column":37}}],"line":16}},"s":{"0":1,"1":2,"2":4,"3":2,"4":2,"5":0,"6":2},"f":{"0":2,"1":4,"2":0},"b":{"0":[1,1]},"_coverageSchema":"1a1c01bbd47fc00a2c39e90264f33305004495a9","hash":"68199cacd523cbd93e2cf706be66743e7845cfae"}
,"D:\\NamasteReact\\namaste-react\\src\\components\\Contact.js": {"path":"D:\\NamasteReact\\namaste-react\\src\\components\\Contact.js","statementMap":{"0":{"start":{"line":3,"column":14},"end":{"line":17,"column":1}},"1":{"start":{"line":4,"column":4},"end":{"line":16,"column":5}}},"fnMap":{"0":{"name":"(anonymous_0)","decl":{"start":{"line":3,"column":14},"end":{"line":3,"column":15}},"loc":{"start":{"line":3,"column":18},"end":{"line":17,"column":1}},"line":3}},"branchMap":{},"s":{"0":1,"1":3},"f":{"0":3},"b":{},"_coverageSchema":"1a1c01bbd47fc00a2c39e90264f33305004495a9","hash":"2d70a82106b87dc1fc83aba131f8af993b6c8f7a"}
,"D:\\NamasteReact\\namaste-react\\src\\components\\Header.js": {"path":"D:\\NamasteReact\\namaste-react\\src\\components\\Header.js","statementMap":{"0":{"start":{"line":9,"column":15},"end":{"line":55,"column":3}},"1":{"start":{"line":11,"column":41},"end":{"line":11,"column":58}},"2":{"start":{"line":12,"column":23},"end":{"line":12,"column":40}},"3":{"start":{"line":13,"column":25},"end":{"line":13,"column":48}},"4":{"start":{"line":15,"column":20},"end":{"line":15,"column":58}},"5":{"start":{"line":15,"column":41},"end":{"line":15,"column":57}},"6":{"start":{"line":16,"column":4},"end":{"line":54,"column":5}},"7":{"start":{"line":46,"column":52},"end":{"line":46,"column":127}}},"fnMap":{"0":{"name":"(anonymous_0)","decl":{"start":{"line":9,"column":15},"end":{"line":9,"column":16}},"loc":{"start":{"line":9,"column":21},"end":{"line":55,"column":3}},"line":9},"1":{"name":"(anonymous_1)","decl":{"start":{"line":15,"column":32},"end":{"line":15,"column":33}},"loc":{"start":{"line":15,"column":41},"end":{"line":15,"column":57}},"line":15},"2":{"name":"(anonymous_2)","decl":{"start":{"line":46,"column":47},"end":{"line":46,"column":48}},"loc":{"start":{"line":46,"column":51},"end":{"line":46,"column":129}},"line":46}},"branchMap":{"0":{"loc":{"start":{"line":27,"column":28},"end":{"line":27,"column":52}},"type":"cond-expr","locations":[{"start":{"line":27,"column":43},"end":{"line":27,"column":47}},{"start":{"line":27,"column":48},"end":{"line":27,"column":52}}],"line":27},"1":{"loc":{"start":{"line":46,"column":52},"end":{"line":46,"column":127}},"type":"cond-expr","locations":[{"start":{"line":46,"column":76},"end":{"line":46,"column":101}},{"start":{"line":46,"column":103},"end":{"line":46,"column":127}}],"line":46}},"s":{"0":2,"1":6,"2":6,"3":6,"4":6,"5":11,"6":6,"7":1},"f":{"0":6,"1":11,"2":1},"b":{"0":[6,0],"1":[1,0]},"_coverageSchema":"1a1c01bbd47fc00a2c39e90264f33305004495a9","hash":"4e59f8e63ad6c6bf9c3867b0daba0b4f241f58fb"}
,"D:\\NamasteReact\\namaste-react\\src\\components\\ItemList.js": {"path":"D:\\NamasteReact\\namaste-react\\src\\components\\ItemList.js","statementMap":{"0":{"start":{"line":6,"column":17},"end":{"line":42,"column":1}},"1":{"start":{"line":8,"column":21},"end":{"line":8,"column":34}},"2":{"start":{"line":10,"column":21},"end":{"line":13,"column":1}},"3":{"start":{"line":12,"column":4},"end":{"line":12,"column":28}},"4":{"start":{"line":15,"column":4},"end":{"line":41,"column":11}},"5":{"start":{"line":17,"column":32},"end":{"line":39,"column":18}},"6":{"start":{"line":34,"column":100},"end":{"line":34,"column":120}}},"fnMap":{"0":{"name":"(anonymous_0)","decl":{"start":{"line":6,"column":17},"end":{"line":6,"column":18}},"loc":{"start":{"line":6,"column":30},"end":{"line":42,"column":1}},"line":6},"1":{"name":"(anonymous_1)","decl":{"start":{"line":10,"column":21},"end":{"line":10,"column":22}},"loc":{"start":{"line":10,"column":29},"end":{"line":13,"column":1}},"line":10},"2":{"name":"(anonymous_2)","decl":{"start":{"line":17,"column":23},"end":{"line":17,"column":24}},"loc":{"start":{"line":17,"column":32},"end":{"line":39,"column":18}},"line":17},"3":{"name":"(anonymous_3)","decl":{"start":{"line":34,"column":96},"end":{"line":34,"column":97}},"loc":{"start":{"line":34,"column":100},"end":{"line":34,"column":120}},"line":34}},"branchMap":{"0":{"loc":{"start":{"line":26,"column":25},"end":{"line":26,"column":106}},"type":"cond-expr","locations":[{"start":{"line":26,"column":48},"end":{"line":26,"column":72}},{"start":{"line":26,"column":75},"end":{"line":26,"column":106}}],"line":26}},"s":{"0":1,"1":3,"2":3,"3":1,"4":3,"5":10,"6":1},"f":{"0":3,"1":1,"2":10,"3":1},"b":{"0":[10,0]},"_coverageSchema":"1a1c01bbd47fc00a2c39e90264f33305004495a9","hash":"f4b0ff3d7642c6d82e476cdf7281f50dbba4e4b9"}
,"D:\\NamasteReact\\namaste-react\\src\\components\\RestaurantCard.js": {"path":"D:\\NamasteReact\\namaste-react\\src\\components\\RestaurantCard.js","statementMap":{"0":{"start":{"line":5,"column":23},"end":{"line":21,"column":3}},"1":{"start":{"line":6,"column":24},"end":{"line":6,"column":29}},"2":{"start":{"line":8,"column":27},"end":{"line":8,"column":50}},"3":{"start":{"line":9,"column":72},"end":{"line":9,"column":85}},"4":{"start":{"line":10,"column":4},"end":{"line":20,"column":6}},"5":{"start":{"line":25,"column":28},"end":{"line":34,"column":1}},"6":{"start":{"line":26,"column":2},"end":{"line":33,"column":3}},"7":{"start":{"line":27,"column":4},"end":{"line":32,"column":5}}},"fnMap":{"0":{"name":"(anonymous_0)","decl":{"start":{"line":5,"column":23},"end":{"line":5,"column":24}},"loc":{"start":{"line":5,"column":34},"end":{"line":21,"column":3}},"line":5},"1":{"name":"(anonymous_1)","decl":{"start":{"line":25,"column":28},"end":{"line":25,"column":29}},"loc":{"start":{"line":25,"column":48},"end":{"line":34,"column":1}},"line":25},"2":{"name":"(anonymous_2)","decl":{"start":{"line":26,"column":9},"end":{"line":26,"column":10}},"loc":{"start":{"line":26,"column":18},"end":{"line":33,"column":3}},"line":26}},"branchMap":{},"s":{"0":2,"1":18,"2":18,"3":18,"4":18,"5":2,"6":4,"7":10},"f":{"0":18,"1":4,"2":10},"b":{},"_coverageSchema":"1a1c01bbd47fc00a2c39e90264f33305004495a9","hash":"8a957efb0f594fb273a6130c87e28c38a5a51aea"}
,"D:\\NamasteReact\\namaste-react\\src\\components\\RestaurantCategory.js": {"path":"D:\\NamasteReact\\namaste-react\\src\\components\\RestaurantCategory.js","statementMap":{"0":{"start":{"line":6,"column":27},"end":{"line":23,"column":1}},"1":{"start":{"line":7,"column":21},"end":{"line":9,"column":4}},"2":{"start":{"line":8,"column":4},"end":{"line":8,"column":19}},"3":{"start":{"line":11,"column":4},"end":{"line":22,"column":6}}},"fnMap":{"0":{"name":"(anonymous_0)","decl":{"start":{"line":6,"column":27},"end":{"line":6,"column":28}},"loc":{"start":{"line":6,"column":61},"end":{"line":23,"column":1}},"line":6},"1":{"name":"(anonymous_1)","decl":{"start":{"line":7,"column":21},"end":{"line":7,"column":22}},"loc":{"start":{"line":7,"column":25},"end":{"line":9,"column":4}},"line":7}},"branchMap":{"0":{"loc":{"start":{"line":18,"column":8},"end":{"line":18,"column":55}},"type":"binary-expr","locations":[{"start":{"line":18,"column":8},"end":{"line":18,"column":17}},{"start":{"line":18,"column":21},"end":{"line":18,"column":55}}],"line":18}},"s":{"0":1,"1":10,"2":1,"3":10},"f":{"0":10,"1":1},"b":{"0":[10,1]},"_coverageSchema":"1a1c01bbd47fc00a2c39e90264f33305004495a9","hash":"a972c67dd45e56a72566e138aff816c662fe8f7b"}
,"D:\\NamasteReact\\namaste-react\\src\\components\\RestaurantMenu.js": {"path":"D:\\NamasteReact\\namaste-react\\src\\components\\RestaurantMenu.js","statementMap":{"0":{"start":{"line":9,"column":23},"end":{"line":35,"column":1}},"1":{"start":{"line":10,"column":22},"end":{"line":10,"column":33}},"2":{"start":{"line":11,"column":20},"end":{"line":11,"column":44}},"3":{"start":{"line":12,"column":35},"end":{"line":12,"column":49}},"4":{"start":{"line":14,"column":4},"end":{"line":14,"column":45}},"5":{"start":{"line":14,"column":26},"end":{"line":14,"column":45}},"6":{"start":{"line":16,"column":17},"end":{"line":16,"column":79}},"7":{"start":{"line":17,"column":21},"end":{"line":17,"column":85}},"8":{"start":{"line":18,"column":17},"end":{"line":18,"column":79}},"9":{"start":{"line":20,"column":23},"end":{"line":22,"column":5}},"10":{"start":{"line":21,"column":15},"end":{"line":21,"column":105}},"11":{"start":{"line":24,"column":4},"end":{"line":34,"column":6}},"12":{"start":{"line":31,"column":16},"end":{"line":31,"column":158}},"13":{"start":{"line":31,"column":136},"end":{"line":31,"column":155}}},"fnMap":{"0":{"name":"(anonymous_0)","decl":{"start":{"line":9,"column":23},"end":{"line":9,"column":24}},"loc":{"start":{"line":9,"column":29},"end":{"line":35,"column":1}},"line":9},"1":{"name":"(anonymous_1)","decl":{"start":{"line":21,"column":8},"end":{"line":21,"column":9}},"loc":{"start":{"line":21,"column":15},"end":{"line":21,"column":105}},"line":21},"2":{"name":"(anonymous_2)","decl":{"start":{"line":29,"column":28},"end":{"line":29,"column":29}},"loc":{"start":{"line":31,"column":16},"end":{"line":31,"column":158}},"line":31},"3":{"name":"(anonymous_3)","decl":{"start":{"line":31,"column":132},"end":{"line":31,"column":133}},"loc":{"start":{"line":31,"column":136},"end":{"line":31,"column":155}},"line":31}},"branchMap":{"0":{"loc":{"start":{"line":14,"column":4},"end":{"line":14,"column":45}},"type":"if","locations":[{"start":{"line":14,"column":4},"end":{"line":14,"column":45}},{"start":{},"end":{}}],"line":14},"1":{"loc":{"start":{"line":16,"column":17},"end":{"line":16,"column":79}},"type":"binary-expr","locations":[{"start":{"line":16,"column":17},"end":{"line":16,"column":58}},{"start":{"line":16,"column":62},"end":{"line":16,"column":79}}],"line":16},"2":{"loc":{"start":{"line":17,"column":21},"end":{"line":17,"column":85}},"type":"binary-expr","locations":[{"start":{"line":17,"column":21},"end":{"line":17,"column":66}},{"start":{"line":17,"column":70},"end":{"line":17,"column":85}}],"line":17},"3":{"loc":{"start":{"line":18,"column":17},"end":{"line":18,"column":79}},"type":"binary-expr","locations":[{"start":{"line":18,"column":17},"end":{"line":18,"column":71}},{"start":{"line":18,"column":75},"end":{"line":18,"column":79}}],"line":18},"4":{"loc":{"start":{"line":31,"column":87},"end":{"line":31,"column":116}},"type":"cond-expr","locations":[{"start":{"line":31,"column":106},"end":{"line":31,"column":110}},{"start":{"line":31,"column":111},"end":{"line":31,"column":116}}],"line":31}},"s":{"0":1,"1":3,"2":3,"3":3,"4":3,"5":1,"6":2,"7":2,"8":2,"9":2,"10":16,"11":2,"12":10,"13":1},"f":{"0":3,"1":16,"2":10,"3":1},"b":{"0":[1,2],"1":[2,0],"2":[2,0],"3":[2,0],"4":[1,9]},"_coverageSchema":"1a1c01bbd47fc00a2c39e90264f33305004495a9","hash":"cdc52dc7d9f90b79a24856e2a1f668e449b7efaf"}
,"D:\\NamasteReact\\namaste-react\\src\\components\\Shimmer.js": {"path":"D:\\NamasteReact\\namaste-react\\src\\components\\Shimmer.js","statementMap":{"0":{"start":{"line":2,"column":16},"end":{"line":15,"column":1}},"1":{"start":{"line":3,"column":4},"end":{"line":14,"column":6}}},"fnMap":{"0":{"name":"(anonymous_0)","decl":{"start":{"line":2,"column":16},"end":{"line":2,"column":17}},"loc":{"start":{"line":2,"column":22},"end":{"line":15,"column":1}},"line":2}},"branchMap":{},"s":{"0":2,"1":2},"f":{"0":2},"b":{},"_coverageSchema":"1a1c01bbd47fc00a2c39e90264f33305004495a9","hash":"63f913f0110906411de42393d1b92f870cf54632"}
,"D:\\NamasteReact\\namaste-react\\src\\components\\UserContext.js": {"path":"D:\\NamasteReact\\namaste-react\\src\\components\\UserContext.js","statementMap":{"0":{"start":{"line":3,"column":20},"end":{"line":5,"column":2}}},"fnMap":{},"branchMap":{},"s":{"0":4},"f":{},"b":{},"_coverageSchema":"1a1c01bbd47fc00a2c39e90264f33305004495a9","hash":"4d2595d64fc25777ae94ba0c792839015d35f18f"}
,"D:\\NamasteReact\\namaste-react\\src\\components\\sum.js": {"path":"D:\\NamasteReact\\namaste-react\\src\\components\\sum.js","statementMap":{"0":{"start":{"line":1,"column":19},"end":{"line":3,"column":1}},"1":{"start":{"line":2,"column":4},"end":{"line":2,"column":17}}},"fnMap":{"0":{"name":"(anonymous_0)","decl":{"start":{"line":1,"column":19},"end":{"line":1,"column":20}},"loc":{"start":{"line":1,"column":29},"end":{"line":3,"column":1}},"line":1}},"branchMap":{},"s":{"0":1,"1":1},"f":{"0":1},"b":{},"_coverageSchema":"1a1c01bbd47fc00a2c39e90264f33305004495a9","hash":"c2d0db5dc9e8d92c68393a8a4d28f838445f2fa8"}
,"D:\\NamasteReact\\namaste-react\\src\\utils\\appStore.js": {"path":"D:\\NamasteReact\\namaste-react\\src\\utils\\appStore.js","statementMap":{"0":{"start":{"line":4,"column":17},"end":{"line":9,"column":2}}},"fnMap":{},"branchMap":{},"s":{"0":2},"f":{},"b":{},"_coverageSchema":"1a1c01bbd47fc00a2c39e90264f33305004495a9","hash":"d92bd2fc8991237690a57cdba9d64e5157992452"}
,"D:\\NamasteReact\\namaste-react\\src\\utils\\cartSlice.js": {"path":"D:\\NamasteReact\\namaste-react\\src\\utils\\cartSlice.js","statementMap":{"0":{"start":{"line":3,"column":18},"end":{"line":19,"column":2}},"1":{"start":{"line":10,"column":12},"end":{"line":10,"column":45}},"2":{"start":{"line":13,"column":12},"end":{"line":13,"column":30}},"3":{"start":{"line":16,"column":12},"end":{"line":16,"column":33}},"4":{"start":{"line":23,"column":46},"end":{"line":23,"column":63}}},"fnMap":{"0":{"name":"(anonymous_0)","decl":{"start":{"line":9,"column":16},"end":{"line":9,"column":17}},"loc":{"start":{"line":9,"column":32},"end":{"line":11,"column":9}},"line":9},"1":{"name":"(anonymous_1)","decl":{"start":{"line":12,"column":19},"end":{"line":12,"column":20}},"loc":{"start":{"line":12,"column":28},"end":{"line":14,"column":9}},"line":12},"2":{"name":"(anonymous_2)","decl":{"start":{"line":15,"column":18},"end":{"line":15,"column":19}},"loc":{"start":{"line":15,"column":29},"end":{"line":17,"column":9}},"line":15}},"branchMap":{},"s":{"0":2,"1":1,"2":0,"3":0,"4":2},"f":{"0":1,"1":0,"2":0},"b":{},"_coverageSchema":"1a1c01bbd47fc00a2c39e90264f33305004495a9","hash":"0ef4d918f64d95044a3a0164b7b950c4434bfa77"}
,"D:\\NamasteReact\\namaste-react\\src\\utils\\constants.js": {"path":"D:\\NamasteReact\\namaste-react\\src\\utils\\constants.js","statementMap":{"0":{"start":{"line":1,"column":23},"end":{"line":1,"column":119}},"1":{"start":{"line":3,"column":24},"end":{"line":3,"column":139}},"2":{"start":{"line":5,"column":24},"end":{"line":5,"column":146}}},"fnMap":{},"branchMap":{},"s":{"0":4,"1":4,"2":4},"f":{},"b":{},"_coverageSchema":"1a1c01bbd47fc00a2c39e90264f33305004495a9","hash":"42bd8803d253ae6a9dc674aba992873e3fd5fd21"}
,"D:\\NamasteReact\\namaste-react\\src\\utils\\useOnlineStatus.js": {"path":"D:\\NamasteReact\\namaste-react\\src\\utils\\useOnlineStatus.js","statementMap":{"0":{"start":{"line":3,"column":24},"end":{"line":16,"column":1}},"1":{"start":{"line":4,"column":43},"end":{"line":4,"column":57}},"2":{"start":{"line":6,"column":4},"end":{"line":13,"column":9}},"3":{"start":{"line":7,"column":8},"end":{"line":9,"column":10}},"4":{"start":{"line":8,"column":12},"end":{"line":8,"column":35}},"5":{"start":{"line":10,"column":8},"end":{"line":12,"column":10}},"6":{"start":{"line":11,"column":12},"end":{"line":11,"column":34}},"7":{"start":{"line":15,"column":4},"end":{"line":15,"column":24}}},"fnMap":{"0":{"name":"(anonymous_0)","decl":{"start":{"line":3,"column":24},"end":{"line":3,"column":25}},"loc":{"start":{"line":3,"column":30},"end":{"line":16,"column":1}},"line":3},"1":{"name":"(anonymous_1)","decl":{"start":{"line":6,"column":14},"end":{"line":6,"column":15}},"loc":{"start":{"line":6,"column":18},"end":{"line":13,"column":5}},"line":6},"2":{"name":"(anonymous_2)","decl":{"start":{"line":7,"column":42},"end":{"line":7,"column":43}},"loc":{"start":{"line":7,"column":46},"end":{"line":9,"column":9}},"line":7},"3":{"name":"(anonymous_3)","decl":{"start":{"line":10,"column":41},"end":{"line":10,"column":42}},"loc":{"start":{"line":10,"column":45},"end":{"line":12,"column":9}},"line":10}},"branchMap":{},"s":{"0":3,"1":10,"2":10,"3":5,"4":0,"5":5,"6":0,"7":10},"f":{"0":10,"1":5,"2":0,"3":0},"b":{},"_coverageSchema":"1a1c01bbd47fc00a2c39e90264f33305004495a9","hash":"e898a87e74a94f2cb387b8370ce9562edfda3818"}
,"D:\\NamasteReact\\namaste-react\\src\\utils\\useRestaurantMenu.js": {"path":"D:\\NamasteReact\\namaste-react\\src\\utils\\useRestaurantMenu.js","statementMap":{"0":{"start":{"line":5,"column":26},"end":{"line":18,"column":1}},"1":{"start":{"line":7,"column":31},"end":{"line":7,"column":45}},"2":{"start":{"line":9,"column":0},"end":{"line":11,"column":6}},"3":{"start":{"line":10,"column":4},"end":{"line":10,"column":16}},"4":{"start":{"line":12,"column":16},"end":{"line":16,"column":1}},"5":{"start":{"line":13,"column":17},"end":{"line":13,"column":44}},"6":{"start":{"line":14,"column":17},"end":{"line":14,"column":34}},"7":{"start":{"line":15,"column":0},"end":{"line":15,"column":22}},"8":{"start":{"line":17,"column":4},"end":{"line":17,"column":19}}},"fnMap":{"0":{"name":"(anonymous_0)","decl":{"start":{"line":5,"column":26},"end":{"line":5,"column":27}},"loc":{"start":{"line":5,"column":37},"end":{"line":18,"column":1}},"line":5},"1":{"name":"(anonymous_1)","decl":{"start":{"line":9,"column":10},"end":{"line":9,"column":11}},"loc":{"start":{"line":9,"column":14},"end":{"line":11,"column":1}},"line":9},"2":{"name":"(anonymous_2)","decl":{"start":{"line":12,"column":16},"end":{"line":12,"column":17}},"loc":{"start":{"line":12,"column":25},"end":{"line":16,"column":1}},"line":12}},"branchMap":{},"s":{"0":1,"1":3,"2":3,"3":1,"4":3,"5":1,"6":1,"7":1,"8":3},"f":{"0":3,"1":1,"2":1},"b":{},"_coverageSchema":"1a1c01bbd47fc00a2c39e90264f33305004495a9","hash":"25a1d7c941a597e82397b954104f5ae863293a2c"}
}
