TN:
SF:src\components\Body.js
FN:9,(anonymous_0)
FN:14,(anonymous_1)
FN:18,(anonymous_2)
FN:43,(anonymous_3)
FN:46,(anonymous_4)
FN:47,(anonymous_5)
FN:52,(anonymous_6)
FN:54,(anonymous_7)
FN:61,(anonymous_8)
FN:66,(anonymous_9)
FNF:10
FNH:7
FNDA:4,(anonymous_0)
FNDA:1,(anonymous_1)
FNDA:1,(anonymous_2)
FNDA:1,(anonymous_3)
FNDA:1,(anonymous_4)
FNDA:8,(anonymous_5)
FNDA:0,(anonymous_6)
FNDA:0,(anonymous_7)
FNDA:0,(anonymous_8)
FNDA:17,(anonymous_9)
DA:9,1
DA:10,4
DA:11,4
DA:12,4
DA:13,4
DA:14,4
DA:15,1
DA:18,4
DA:19,1
DA:21,1
DA:23,1
DA:24,1
DA:25,1
DA:28,4
DA:30,4
DA:31,0
DA:37,4
DA:38,4
DA:44,1
DA:47,8
DA:48,1
DA:53,0
DA:54,0
DA:56,0
DA:61,0
DA:68,17
LF:26
LH:21
BRDA:30,0,0,0
BRDA:30,0,1,4
BRDA:38,1,0,1
BRDA:38,1,1,3
BRDA:65,2,0,3
BRDA:65,2,1,3
BRDA:70,3,0,10
BRDA:70,3,1,7
BRF:8
BRH:7
end_of_record
TN:
SF:src\components\Cart.js
FN:5,(anonymous_0)
FN:7,(anonymous_1)
FN:9,(anonymous_2)
FNF:3
FNH:2
FNDA:2,(anonymous_0)
FNDA:4,(anonymous_1)
FNDA:0,(anonymous_2)
DA:5,1
DA:7,4
DA:8,2
DA:9,2
DA:10,0
DA:13,2
LF:6
LH:5
BRDA:16,0,0,1
BRDA:16,0,1,1
BRF:2
BRH:2
end_of_record
TN:
SF:src\components\Contact.js
FN:3,(anonymous_0)
FNF:1
FNH:1
FNDA:3,(anonymous_0)
DA:3,1
DA:4,3
LF:2
LH:2
BRF:0
BRH:0
end_of_record
TN:
SF:src\components\Header.js
FN:9,(anonymous_0)
FN:15,(anonymous_1)
FN:46,(anonymous_2)
FNF:3
FNH:3
FNDA:6,(anonymous_0)
FNDA:11,(anonymous_1)
FNDA:1,(anonymous_2)
DA:9,2
DA:11,6
DA:12,6
DA:13,6
DA:15,11
DA:16,6
DA:46,1
LF:7
LH:7
BRDA:27,0,0,6
BRDA:27,0,1,0
BRDA:46,1,0,1
BRDA:46,1,1,0
BRF:4
BRH:2
end_of_record
TN:
SF:src\components\ItemList.js
FN:6,(anonymous_0)
FN:10,(anonymous_1)
FN:17,(anonymous_2)
FN:34,(anonymous_3)
FNF:4
FNH:4
FNDA:3,(anonymous_0)
FNDA:1,(anonymous_1)
FNDA:10,(anonymous_2)
FNDA:1,(anonymous_3)
DA:6,1
DA:8,3
DA:10,3
DA:12,1
DA:15,3
DA:17,10
DA:34,1
LF:7
LH:7
BRDA:26,0,0,10
BRDA:26,0,1,0
BRF:2
BRH:1
end_of_record
TN:
SF:src\components\RestaurantCard.js
FN:5,(anonymous_0)
FN:25,(anonymous_1)
FN:26,(anonymous_2)
FNF:3
FNH:3
FNDA:18,(anonymous_0)
FNDA:4,(anonymous_1)
FNDA:10,(anonymous_2)
DA:5,2
DA:6,18
DA:8,18
DA:9,18
DA:10,18
DA:25,2
DA:26,4
DA:27,10
LF:8
LH:8
BRF:0
BRH:0
end_of_record
TN:
SF:src\components\RestaurantCategory.js
FN:6,(anonymous_0)
FN:7,(anonymous_1)
FNF:2
FNH:2
FNDA:10,(anonymous_0)
FNDA:1,(anonymous_1)
DA:6,1
DA:7,10
DA:8,1
DA:11,10
LF:4
LH:4
BRDA:18,0,0,10
BRDA:18,0,1,1
BRF:2
BRH:2
end_of_record
TN:
SF:src\components\RestaurantMenu.js
FN:9,(anonymous_0)
FN:21,(anonymous_1)
FN:29,(anonymous_2)
FN:31,(anonymous_3)
FNF:4
FNH:4
FNDA:3,(anonymous_0)
FNDA:16,(anonymous_1)
FNDA:10,(anonymous_2)
FNDA:1,(anonymous_3)
DA:9,1
DA:10,3
DA:11,3
DA:12,3
DA:14,3
DA:16,2
DA:17,2
DA:18,2
DA:20,2
DA:21,16
DA:24,2
DA:31,10
LF:12
LH:12
BRDA:14,0,0,1
BRDA:14,0,1,2
BRDA:16,1,0,2
BRDA:16,1,1,0
BRDA:17,2,0,2
BRDA:17,2,1,0
BRDA:18,3,0,2
BRDA:18,3,1,0
BRDA:31,4,0,1
BRDA:31,4,1,9
BRF:10
BRH:7
end_of_record
TN:
SF:src\components\Shimmer.js
FN:2,(anonymous_0)
FNF:1
FNH:1
FNDA:2,(anonymous_0)
DA:2,2
DA:3,2
LF:2
LH:2
BRF:0
BRH:0
end_of_record
TN:
SF:src\components\UserContext.js
FNF:0
FNH:0
DA:3,4
LF:1
LH:1
BRF:0
BRH:0
end_of_record
TN:
SF:src\components\sum.js
FN:1,(anonymous_0)
FNF:1
FNH:1
FNDA:1,(anonymous_0)
DA:1,1
DA:2,1
LF:2
LH:2
BRF:0
BRH:0
end_of_record
TN:
SF:src\utils\appStore.js
FNF:0
FNH:0
DA:4,2
LF:1
LH:1
BRF:0
BRH:0
end_of_record
TN:
SF:src\utils\cartSlice.js
FN:9,(anonymous_0)
FN:12,(anonymous_1)
FN:15,(anonymous_2)
FNF:3
FNH:1
FNDA:1,(anonymous_0)
FNDA:0,(anonymous_1)
FNDA:0,(anonymous_2)
DA:3,2
DA:10,1
DA:13,0
DA:16,0
DA:23,2
LF:5
LH:3
BRF:0
BRH:0
end_of_record
TN:
SF:src\utils\constants.js
FNF:0
FNH:0
DA:1,4
DA:3,4
DA:5,4
LF:3
LH:3
BRF:0
BRH:0
end_of_record
TN:
SF:src\utils\useOnlineStatus.js
FN:3,(anonymous_0)
FN:6,(anonymous_1)
FN:7,(anonymous_2)
FN:10,(anonymous_3)
FNF:4
FNH:2
FNDA:10,(anonymous_0)
FNDA:5,(anonymous_1)
FNDA:0,(anonymous_2)
FNDA:0,(anonymous_3)
DA:3,3
DA:4,10
DA:6,10
DA:7,5
DA:8,0
DA:10,5
DA:11,0
DA:15,10
LF:8
LH:6
BRF:0
BRH:0
end_of_record
TN:
SF:src\utils\useRestaurantMenu.js
FN:5,(anonymous_0)
FN:9,(anonymous_1)
FN:12,(anonymous_2)
FNF:3
FNH:3
FNDA:3,(anonymous_0)
FNDA:1,(anonymous_1)
FNDA:1,(anonymous_2)
DA:5,1
DA:7,3
DA:9,3
DA:10,1
DA:12,3
DA:13,1
DA:14,1
DA:15,1
DA:17,3
LF:9
LH:9
BRF:0
BRH:0
end_of_record
